{"/Users/dev_lucas_arrais/NODEJS-2/src/usecases/errors/invalid-credential-error.ts": {"path":"/Users/dev_lucas_arrais/NODEJS-2/src/usecases/errors/invalid-credential-error.ts","statementMap":{"0":{"start":{"line":3,"column":4},"end":{"line":3,"column":null}}},"fnMap":{"0":{"name":"(anonymous_0)","decl":{"start":{"line":2,"column":2},"end":{"line":2,"column":16}},"loc":{"start":{"line":2,"column":16},"end":{"line":3,"column":null}},"line":2}},"branchMap":{},"s":{"0":0},"f":{"0":0},"b":{},"meta":{"lastBranch":0,"lastFunction":1,"lastStatement":1,"seen":{"f:2:2:2:16":0,"s:3:4:3:Infinity":0}}}
,"/Users/dev_lucas_arrais/NODEJS-2/src/usecases/users/authenticate.ts": {"path":"/Users/dev_lucas_arrais/NODEJS-2/src/usecases/users/authenticate.ts","statementMap":{"0":{"start":{"line":15,"column":22},"end":{"line":15,"column":56}},"1":{"start":{"line":21,"column":17},"end":{"line":21,"column":62}},"2":{"start":{"line":23,"column":4},"end":{"line":24,"column":null}},"3":{"start":{"line":24,"column":6},"end":{"line":24,"column":null}},"4":{"start":{"line":27,"column":32},"end":{"line":27,"column":70}},"5":{"start":{"line":29,"column":4},"end":{"line":30,"column":null}},"6":{"start":{"line":30,"column":6},"end":{"line":30,"column":null}},"7":{"start":{"line":33,"column":4},"end":{"line":35,"column":null}}},"fnMap":{"0":{"name":"(anonymous_0)","decl":{"start":{"line":15,"column":2},"end":{"line":15,"column":14}},"loc":{"start":{"line":15,"column":56},"end":{"line":15,"column":56}},"line":15},"1":{"name":"(anonymous_1)","decl":{"start":{"line":17,"column":8},"end":{"line":17,"column":16}},"loc":{"start":{"line":20,"column":79},"end":{"line":35,"column":null}},"line":20}},"branchMap":{"0":{"loc":{"start":{"line":23,"column":4},"end":{"line":24,"column":null}},"type":"if","locations":[{"start":{"line":23,"column":4},"end":{"line":24,"column":null}},{"start":{},"end":{}}],"line":23},"1":{"loc":{"start":{"line":29,"column":4},"end":{"line":30,"column":null}},"type":"if","locations":[{"start":{"line":29,"column":4},"end":{"line":30,"column":null}},{"start":{},"end":{}}],"line":29}},"s":{"0":1,"1":1,"2":1,"3":0,"4":1,"5":1,"6":0,"7":1},"f":{"0":1,"1":1},"b":{"0":[0,1],"1":[0,1]},"meta":{"lastBranch":2,"lastFunction":2,"lastStatement":8,"seen":{"f:15:2:15:14":0,"s:15:22:15:56":0,"f:17:8:17:16":1,"s:21:17:21:62":1,"b:23:4:24:Infinity:undefined:undefined:undefined:undefined":0,"s:23:4:24:Infinity":2,"s:24:6:24:Infinity":3,"s:27:32:27:70":4,"b:29:4:30:Infinity:undefined:undefined:undefined:undefined":1,"s:29:4:30:Infinity":5,"s:30:6:30:Infinity":6,"s:33:4:35:Infinity":7}}}
}
